3817481 DEBUG [2019-06-30 09:26:54]  Returning cached instance of singleton bean 'org.springframework.transaction.config.internalTransactionAdvisor'
3817482 DEBUG [2019-06-30 09:26:54]  Returning [org.springframework.web.servlet.view.InternalResourceView: name '/organization/company/companyUpdate'; URL [/WEB-INF/View//organization/company/companyUpdate.jsp]] based on requested media type 'text/html'
3817482 DEBUG [2019-06-30 09:26:54]  Rendering view [org.springframework.web.servlet.view.InternalResourceView: name '/organization/company/companyUpdate'; URL [/WEB-INF/View//organization/company/companyUpdate.jsp]] in DispatcherServlet with name 'dispatcherServlet'
3817482 DEBUG [2019-06-30 09:26:54]  Forwarding to resource [/WEB-INF/View//organization/company/companyUpdate.jsp] in InternalResourceView '/organization/company/companyUpdate'
3817575 DEBUG [2019-06-30 09:26:55]  Successfully completed request
3817575 DEBUG [2019-06-30 09:26:55]  Cleared thread-bound request context: org.apache.catalina.connector.RequestFacade@517620cd
3820053 DEBUG [2019-06-30 09:26:57]  Bound request context to thread: org.apache.catalina.connector.RequestFacade@517620cd
3820054 DEBUG [2019-06-30 09:26:57]  DispatcherServlet with name 'dispatcherServlet' processing POST request for [/organization/company/updateACompany]
3820054 DEBUG [2019-06-30 09:26:57]  Looking up handler method for path /organization/company/updateACompany
3820055 DEBUG [2019-06-30 09:26:57]  Returning handler method [public void com.ehr.controller.organization.company.CompanyController.updateACompany(java.lang.Integer,java.lang.String,java.lang.String,java.lang.String)]
3820055 DEBUG [2019-06-30 09:26:57]  Returning cached instance of singleton bean 'companyController'
3820055 DEBUG [2019-06-30 09:26:57]  Skip CORS processing: request is from same origin
3820056 DEBUG [2019-06-30 09:26:57]  Fetching JDBC Connection from DataSource
3820099 DEBUG [2019-06-30 09:26:57]  Null ModelAndView returned to DispatcherServlet with name 'dispatcherServlet': assuming HandlerAdapter completed request handling
3820099 DEBUG [2019-06-30 09:26:57]  Successfully completed request
3820099 DEBUG [2019-06-30 09:26:57]  Cleared thread-bound request context: org.apache.catalina.connector.RequestFacade@517620cd
3821081 DEBUG [2019-06-30 09:26:58]  Bound request context to thread: org.apache.catalina.connector.RequestFacade@517620cd
3821081 DEBUG [2019-06-30 09:26:58]  DispatcherServlet with name 'dispatcherServlet' processing POST request for [/organization/company/companyListPage]
3821081 DEBUG [2019-06-30 09:26:58]  Looking up handler method for path /organization/company/companyListPage
3821082 DEBUG [2019-06-30 09:26:58]  Returning handler method [public java.util.Map<java.lang.String, java.lang.Object> com.ehr.controller.organization.company.CompanyController.companyListPage(java.lang.Integer,java.lang.Integer)]
3821082 DEBUG [2019-06-30 09:26:58]  Returning cached instance of singleton bean 'companyController'
3821082 DEBUG [2019-06-30 09:26:58]  Skip CORS processing: request is from same origin
3821082 DEBUG [2019-06-30 09:26:58]  Fetching JDBC Connection from DataSource
3821085 DEBUG [2019-06-30 09:26:58]  Fetching JDBC Connection from DataSource
3821088 DEBUG [2019-06-30 09:26:58]  Written [{code=0, data=PageInfo{pageNum=1, pageSize=10, size=10, startRow=1, endRow=10, total=25, pages=3, list=Page{count=true, pageNum=1, pageSize=10, startRow=0, endRow=10, total=25, pages=3, reasonable=false, pageSizeZero=false}[Company{id=1, name='一', address='312321', mark='zzzz', logictodelete=null, createtime=null}, Company{id=2, name='二', address='21312', mark='null', logictodelete=1, createtime=null}, Company{id=3, name='三', address='213', mark='1', logictodelete=1, createtime=Wed Jun 19 11:08:17 CST 2019}, Company{id=4, name='四', address='3', mark='1', logictodelete=1, createtime=Wed Jun 19 11:08:17 CST 2019}, Company{id=5, name='五', address='42', mark='1', logictodelete=1, createtime=Wed Jun 19 11:08:17 CST 2019}, Company{id=6, name='6', address='12312', mark='1', logictodelete=1, createtime=Wed Jun 19 11:08:17 CST 2019}, Company{id=7, name='7暗', address='23213', mark='1', logictodelete=1, createtime=Wed Jun 19 11:08:17 CST 2019}, Company{id=8, name='暗', address='2', mark='1', logictodelete=1, createtime=Wed Jun 19 11:08:17 CST 2019}, Company{id=9, name='9', address='3', mark='3', logictodelete=1, createtime=Wed Jun 19 11:08:17 CST 2019}, Company{id=10, name='10暗', address='321', mark='3', logictodelete=1, createtime=Wed Jun 19 11:08:17 CST 2019}], prePage=0, nextPage=2, isFirstPage=true, isLastPage=false, hasPreviousPage=false, hasNextPage=true, navigatePages=8, navigateFirstPage=1, navigateLastPage=3, navigatepageNums=[1, 2, 3]}, count=PageInfo{pageNum=1, pageSize=10, size=10, startRow=1, endRow=10, total=25, pages=3, list=Page{count=true, pageNum=1, pageSize=10, startRow=0, endRow=10, total=25, pages=3, reasonable=false, pageSizeZero=false}[Company{id=1, name='一', address='312321', mark='zzzz', logictodelete=null, createtime=null}, Company{id=2, name='二', address='21312', mark='null', logictodelete=1, createtime=null}, Company{id=3, name='三', address='213', mark='1', logictodelete=1, createtime=Wed Jun 19 11:08:17 CST 2019}, Company{id=4, name='四', address='3', mark='1', logictodelete=1, createtime=Wed Jun 19 11:08:17 CST 2019}, Company{id=5, name='五', address='42', mark='1', logictodelete=1, createtime=Wed Jun 19 11:08:17 CST 2019}, Company{id=6, name='6', address='12312', mark='1', logictodelete=1, createtime=Wed Jun 19 11:08:17 CST 2019}, Company{id=7, name='7暗', address='23213', mark='1', logictodelete=1, createtime=Wed Jun 19 11:08:17 CST 2019}, Company{id=8, name='暗', address='2', mark='1', logictodelete=1, createtime=Wed Jun 19 11:08:17 CST 2019}, Company{id=9, name='9', address='3', mark='3', logictodelete=1, createtime=Wed Jun 19 11:08:17 CST 2019}, Company{id=10, name='10暗', address='321', mark='3', logictodelete=1, createtime=Wed Jun 19 11:08:17 CST 2019}], prePage=0, nextPage=2, isFirstPage=true, isLastPage=false, hasPreviousPage=false, hasNextPage=true, navigatePages=8, navigateFirstPage=1, navigateLastPage=3, navigatepageNums=[1, 2, 3]}}] as "application/json" using [org.springframework.http.converter.json.MappingJackson2HttpMessageConverter@6c9f8b46]
3821088 DEBUG [2019-06-30 09:26:58]  Null ModelAndView returned to DispatcherServlet with name 'dispatcherServlet': assuming HandlerAdapter completed request handling
3821088 DEBUG [2019-06-30 09:26:58]  Successfully completed request
3821088 DEBUG [2019-06-30 09:26:58]  Cleared thread-bound request context: org.apache.catalina.connector.RequestFacade@517620cd
3822284 DEBUG [2019-06-30 09:26:59]  Bound request context to thread: org.apache.catalina.connector.RequestFacade@517620cd
3822284 DEBUG [2019-06-30 09:26:59]  DispatcherServlet with name 'dispatcherServlet' processing POST request for [/organization/company/companyListPage]
3822284 DEBUG [2019-06-30 09:26:59]  Looking up handler method for path /organization/company/companyListPage
3822284 DEBUG [2019-06-30 09:26:59]  Returning handler method [public java.util.Map<java.lang.String, java.lang.Object> com.ehr.controller.organization.company.CompanyController.companyListPage(java.lang.Integer,java.lang.Integer)]
3822284 DEBUG [2019-06-30 09:26:59]  Returning cached instance of singleton bean 'companyController'
3822285 DEBUG [2019-06-30 09:26:59]  Skip CORS processing: request is from same origin
3822285 DEBUG [2019-06-30 09:26:59]  Fetching JDBC Connection from DataSource
3822288 DEBUG [2019-06-30 09:26:59]  Fetching JDBC Connection from DataSource
3822291 DEBUG [2019-06-30 09:26:59]  Written [{code=0, data=PageInfo{pageNum=3, pageSize=10, size=5, startRow=21, endRow=25, total=25, pages=3, list=Page{count=true, pageNum=3, pageSize=10, startRow=20, endRow=30, total=25, pages=3, reasonable=false, pageSizeZero=false}[Company{id=21, name='21', address='1', mark='1', logictodelete=1, createtime=Wed Jun 19 11:08:17 CST 2019}, Company{id=22, name='22', address='1', mark='1', logictodelete=1, createtime=Wed Jun 19 11:08:17 CST 2019}, Company{id=23, name='23', address='1', mark='11', logictodelete=1, createtime=Wed Jun 19 11:08:17 CST 2019}, Company{id=3356, name='宇宙无敌小霸王', address='32', mark='777', logictodelete=1, createtime=Wed Jun 19 11:08:17 CST 2019}, Company{id=3357, name='11', address='33', mark=' 333', logictodelete=null, createtime=null}], prePage=2, nextPage=0, isFirstPage=false, isLastPage=true, hasPreviousPage=true, hasNextPage=false, navigatePages=8, navigateFirstPage=1, navigateLastPage=3, navigatepageNums=[1, 2, 3]}, count=PageInfo{pageNum=3, pageSize=10, size=5, startRow=21, endRow=25, total=25, pages=3, list=Page{count=true, pageNum=3, pageSize=10, startRow=20, endRow=30, total=25, pages=3, reasonable=false, pageSizeZero=false}[Company{id=21, name='21', address='1', mark='1', logictodelete=1, createtime=Wed Jun 19 11:08:17 CST 2019}, Company{id=22, name='22', address='1', mark='1', logictodelete=1, createtime=Wed Jun 19 11:08:17 CST 2019}, Company{id=23, name='23', address='1', mark='11', logictodelete=1, createtime=Wed Jun 19 11:08:17 CST 2019}, Company{id=3356, name='宇宙无敌小霸王', address='32', mark='777', logictodelete=1, createtime=Wed Jun 19 11:08:17 CST 2019}, Company{id=3357, name='11', address='33', mark=' 333', logictodelete=null, createtime=null}], prePage=2, nextPage=0, isFirstPage=false, isLastPage=true, hasPreviousPage=true, hasNextPage=false, navigatePages=8, navigateFirstPage=1, navigateLastPage=3, navigatepageNums=[1, 2, 3]}}] as "application/json" using [org.springframework.http.converter.json.MappingJackson2HttpMessageConverter@6c9f8b46]
3822291 DEBUG [2019-06-30 09:26:59]  Null ModelAndView returned to DispatcherServlet with name 'dispatcherServlet': assuming HandlerAdapter completed request handling
3822291 DEBUG [2019-06-30 09:26:59]  Successfully completed request
3822291 DEBUG [2019-06-30 09:26:59]  Cleared thread-bound request context: org.apache.catalina.connector.RequestFacade@517620cd
3825187 DEBUG [2019-06-30 09:27:02]  Bound request context to thread: org.apache.catalina.connector.RequestFacade@517620cd
3825187 DEBUG [2019-06-30 09:27:02]  DispatcherServlet with name 'dispatcherServlet' processing POST request for [/organization/company/deleteACompany]
3825187 DEBUG [2019-06-30 09:27:02]  Looking up handler method for path /organization/company/deleteACompany
3825188 DEBUG [2019-06-30 09:27:02]  Returning handler method [public java.util.Map<java.lang.String, java.lang.Object> com.ehr.controller.organization.company.CompanyController.updateACompany(java.lang.Integer)]
3825188 DEBUG [2019-06-30 09:27:02]  Returning cached instance of singleton bean 'companyController'
3825188 DEBUG [2019-06-30 09:27:02]  Skip CORS processing: request is from same origin
3825188 DEBUG [2019-06-30 09:27:02]  Fetching JDBC Connection from DataSource
3825253 DEBUG [2019-06-30 09:27:02]  Written [{msg=deleteOK}] as "application/json" using [org.springframework.http.converter.json.MappingJackson2HttpMessageConverter@6c9f8b46]
3825253 DEBUG [2019-06-30 09:27:02]  Null ModelAndView returned to DispatcherServlet with name 'dispatcherServlet': assuming HandlerAdapter completed request handling
3825253 DEBUG [2019-06-30 09:27:02]  Successfully completed request
3825253 DEBUG [2019-06-30 09:27:02]  Cleared thread-bound request context: org.apache.catalina.connector.RequestFacade@517620cd
3825269 DEBUG [2019-06-30 09:27:02]  Bound request context to thread: org.apache.catalina.connector.RequestFacade@517620cd
3825269 DEBUG [2019-06-30 09:27:02]  DispatcherServlet with name 'dispatcherServlet' processing POST request for [/organization/company/companyListPage]
3825269 DEBUG [2019-06-30 09:27:02]  Looking up handler method for path /organization/company/companyListPage
3825269 DEBUG [2019-06-30 09:27:02]  Returning handler method [public java.util.Map<java.lang.String, java.lang.Object> com.ehr.controller.organization.company.CompanyController.companyListPage(java.lang.Integer,java.lang.Integer)]
3825269 DEBUG [2019-06-30 09:27:02]  Returning cached instance of singleton bean 'companyController'
3825269 DEBUG [2019-06-30 09:27:02]  Skip CORS processing: request is from same origin
3825270 DEBUG [2019-06-30 09:27:02]  Fetching JDBC Connection from DataSource
3825272 DEBUG [2019-06-30 09:27:02]  Fetching JDBC Connection from DataSource
3825275 DEBUG [2019-06-30 09:27:02]  Written [{code=0, data=PageInfo{pageNum=1, pageSize=10, size=10, startRow=1, endRow=10, total=24, pages=3, list=Page{count=true, pageNum=1, pageSize=10, startRow=0, endRow=10, total=24, pages=3, reasonable=false, pageSizeZero=false}[Company{id=1, name='一', address='312321', mark='zzzz', logictodelete=null, createtime=null}, Company{id=2, name='二', address='21312', mark='null', logictodelete=1, createtime=null}, Company{id=3, name='三', address='213', mark='1', logictodelete=1, createtime=Wed Jun 19 11:08:17 CST 2019}, Company{id=4, name='四', address='3', mark='1', logictodelete=1, createtime=Wed Jun 19 11:08:17 CST 2019}, Company{id=5, name='五', address='42', mark='1', logictodelete=1, createtime=Wed Jun 19 11:08:17 CST 2019}, Company{id=6, name='6', address='12312', mark='1', logictodelete=1, createtime=Wed Jun 19 11:08:17 CST 2019}, Company{id=7, name='7暗', address='23213', mark='1', logictodelete=1, createtime=Wed Jun 19 11:08:17 CST 2019}, Company{id=8, name='暗', address='2', mark='1', logictodelete=1, createtime=Wed Jun 19 11:08:17 CST 2019}, Company{id=9, name='9', address='3', mark='3', logictodelete=1, createtime=Wed Jun 19 11:08:17 CST 2019}, Company{id=10, name='10暗', address='321', mark='3', logictodelete=1, createtime=Wed Jun 19 11:08:17 CST 2019}], prePage=0, nextPage=2, isFirstPage=true, isLastPage=false, hasPreviousPage=false, hasNextPage=true, navigatePages=8, navigateFirstPage=1, navigateLastPage=3, navigatepageNums=[1, 2, 3]}, count=PageInfo{pageNum=1, pageSize=10, size=10, startRow=1, endRow=10, total=24, pages=3, list=Page{count=true, pageNum=1, pageSize=10, startRow=0, endRow=10, total=24, pages=3, reasonable=false, pageSizeZero=false}[Company{id=1, name='一', address='312321', mark='zzzz', logictodelete=null, createtime=null}, Company{id=2, name='二', address='21312', mark='null', logictodelete=1, createtime=null}, Company{id=3, name='三', address='213', mark='1', logictodelete=1, createtime=Wed Jun 19 11:08:17 CST 2019}, Company{id=4, name='四', address='3', mark='1', logictodelete=1, createtime=Wed Jun 19 11:08:17 CST 2019}, Company{id=5, name='五', address='42', mark='1', logictodelete=1, createtime=Wed Jun 19 11:08:17 CST 2019}, Company{id=6, name='6', address='12312', mark='1', logictodelete=1, createtime=Wed Jun 19 11:08:17 CST 2019}, Company{id=7, name='7暗', address='23213', mark='1', logictodelete=1, createtime=Wed Jun 19 11:08:17 CST 2019}, Company{id=8, name='暗', address='2', mark='1', logictodelete=1, createtime=Wed Jun 19 11:08:17 CST 2019}, Company{id=9, name='9', address='3', mark='3', logictodelete=1, createtime=Wed Jun 19 11:08:17 CST 2019}, Company{id=10, name='10暗', address='321', mark='3', logictodelete=1, createtime=Wed Jun 19 11:08:17 CST 2019}], prePage=0, nextPage=2, isFirstPage=true, isLastPage=false, hasPreviousPage=false, hasNextPage=true, navigatePages=8, navigateFirstPage=1, navigateLastPage=3, navigatepageNums=[1, 2, 3]}}] as "application/json" using [org.springframework.http.converter.json.MappingJackson2HttpMessageConverter@6c9f8b46]
3825275 DEBUG [2019-06-30 09:27:02]  Null ModelAndView returned to DispatcherServlet with name 'dispatcherServlet': assuming HandlerAdapter completed request handling
3825275 DEBUG [2019-06-30 09:27:02]  Successfully completed request
3825275 DEBUG [2019-06-30 09:27:02]  Cleared thread-bound request context: org.apache.catalina.connector.RequestFacade@517620cd
3826692 DEBUG [2019-06-30 09:27:04]  Bound request context to thread: org.apache.catalina.connector.RequestFacade@517620cd
3826693 DEBUG [2019-06-30 09:27:04]  DispatcherServlet with name 'dispatcherServlet' processing POST request for [/organization/company/companyListPage]
3826693 DEBUG [2019-06-30 09:27:04]  Looking up handler method for path /organization/company/companyListPage
3826693 DEBUG [2019-06-30 09:27:04]  Returning handler method [public java.util.Map<java.lang.String, java.lang.Object> com.ehr.controller.organization.company.CompanyController.companyListPage(java.lang.Integer,java.lang.Integer)]
3826693 DEBUG [2019-06-30 09:27:04]  Returning cached instance of singleton bean 'companyController'
3826693 DEBUG [2019-06-30 09:27:04]  Skip CORS processing: request is from same origin
3826694 DEBUG [2019-06-30 09:27:04]  Fetching JDBC Connection from DataSource
3826696 DEBUG [2019-06-30 09:27:04]  Fetching JDBC Connection from DataSource
3826699 DEBUG [2019-06-30 09:27:04]  Written [{code=0, data=PageInfo{pageNum=3, pageSize=10, size=4, startRow=21, endRow=24, total=24, pages=3, list=Page{count=true, pageNum=3, pageSize=10, startRow=20, endRow=30, total=24, pages=3, reasonable=false, pageSizeZero=false}[Company{id=21, name='21', address='1', mark='1', logictodelete=1, createtime=Wed Jun 19 11:08:17 CST 2019}, Company{id=22, name='22', address='1', mark='1', logictodelete=1, createtime=Wed Jun 19 11:08:17 CST 2019}, Company{id=23, name='23', address='1', mark='11', logictodelete=1, createtime=Wed Jun 19 11:08:17 CST 2019}, Company{id=3356, name='宇宙无敌小霸王', address='32', mark='777', logictodelete=1, createtime=Wed Jun 19 11:08:17 CST 2019}], prePage=2, nextPage=0, isFirstPage=false, isLastPage=true, hasPreviousPage=true, hasNextPage=false, navigatePages=8, navigateFirstPage=1, navigateLastPage=3, navigatepageNums=[1, 2, 3]}, count=PageInfo{pageNum=3, pageSize=10, size=4, startRow=21, endRow=24, total=24, pages=3, list=Page{count=true, pageNum=3, pageSize=10, startRow=20, endRow=30, total=24, pages=3, reasonable=false, pageSizeZero=false}[Company{id=21, name='21', address='1', mark='1', logictodelete=1, createtime=Wed Jun 19 11:08:17 CST 2019}, Company{id=22, name='22', address='1', mark='1', logictodelete=1, createtime=Wed Jun 19 11:08:17 CST 2019}, Company{id=23, name='23', address='1', mark='11', logictodelete=1, createtime=Wed Jun 19 11:08:17 CST 2019}, Company{id=3356, name='宇宙无敌小霸王', address='32', mark='777', logictodelete=1, createtime=Wed Jun 19 11:08:17 CST 2019}], prePage=2, nextPage=0, isFirstPage=false, isLastPage=true, hasPreviousPage=true, hasNextPage=false, navigatePages=8, navigateFirstPage=1, navigateLastPage=3, navigatepageNums=[1, 2, 3]}}] as "application/json" using [org.springframework.http.converter.json.MappingJackson2HttpMessageConverter@6c9f8b46]
3826700 DEBUG [2019-06-30 09:27:04]  Null ModelAndView returned to DispatcherServlet with name 'dispatcherServlet': assuming HandlerAdapter completed request handling
3826700 DEBUG [2019-06-30 09:27:04]  Successfully completed request
3826700 DEBUG [2019-06-30 09:27:04]  Cleared thread-bound request context: org.apache.catalina.connector.RequestFacade@517620cd
3830096 DEBUG [2019-06-30 09:27:07]  Bound request context to thread: org.apache.catalina.connector.RequestFacade@517620cd
3830097 DEBUG [2019-06-30 09:27:07]  DispatcherServlet with name 'dispatcherServlet' processing POST request for [/organization/company/likeSearch]
3830097 DEBUG [2019-06-30 09:27:07]  Looking up handler method for path /organization/company/likeSearch
3830097 DEBUG [2019-06-30 09:27:07]  Returning handler method [public java.util.Map<java.lang.String, java.lang.Object> com.ehr.controller.organization.company.CompanyController.likeSearch(java.lang.String,java.lang.String,java.lang.Integer,java.lang.Integer)]
3830097 DEBUG [2019-06-30 09:27:07]  Returning cached instance of singleton bean 'companyController'
3830097 DEBUG [2019-06-30 09:27:07]  Skip CORS processing: request is from same origin
3830099 DEBUG [2019-06-30 09:27:07]  Fetching JDBC Connection from DataSource
3830104 DEBUG [2019-06-30 09:27:07]  Fetching JDBC Connection from DataSource
3830112 DEBUG [2019-06-30 09:27:07]  Written [{code=0, data=PageInfo{pageNum=1, pageSize=10, size=10, startRow=1, endRow=10, total=11, pages=2, list=Page{count=true, pageNum=1, pageSize=10, startRow=0, endRow=10, total=11, pages=2, reasonable=false, pageSizeZero=false}[Company{id=10, name='10暗', address='321', mark='3', logictodelete=1, createtime=Wed Jun 19 11:08:17 CST 2019}, Company{id=11, name='11', address='1', mark='1', logictodelete=1, createtime=Wed Jun 19 11:08:17 CST 2019}, Company{id=12, name='12', address='2', mark='1', logictodelete=1, createtime=Wed Jun 19 11:08:17 CST 2019}, Company{id=13, name='13', address='3', mark='1', logictodelete=1, createtime=Wed Jun 19 11:08:17 CST 2019}, Company{id=14, name='14', address='4', mark='1', logictodelete=1, createtime=Wed Jun 19 11:08:17 CST 2019}, Company{id=15, name='15', address='5', mark='1', logictodelete=1, createtime=Wed Jun 19 11:08:17 CST 2019}, Company{id=16, name='16', address='6', mark='1', logictodelete=1, createtime=Wed Jun 19 11:08:17 CST 2019}, Company{id=17, name='17', address='7', mark='1', logictodelete=1, createtime=Wed Jun 19 11:08:17 CST 2019}, Company{id=18, name='18', address='8', mark='1', logictodelete=1, createtime=Wed Jun 19 11:08:17 CST 2019}, Company{id=19, name='19', address='9', mark='1', logictodelete=1, createtime=Wed Jun 19 11:08:17 CST 2019}], prePage=0, nextPage=2, isFirstPage=true, isLastPage=false, hasPreviousPage=false, hasNextPage=true, navigatePages=8, navigateFirstPage=1, navigateLastPage=2, navigatepageNums=[1, 2]}, count=PageInfo{pageNum=1, pageSize=10, size=10, startRow=1, endRow=10, total=11, pages=2, list=Page{count=true, pageNum=1, pageSize=10, startRow=0, endRow=10, total=11, pages=2, reasonable=false, pageSizeZero=false}[Company{id=10, name='10暗', address='321', mark='3', logictodelete=1, createtime=Wed Jun 19 11:08:17 CST 2019}, Company{id=11, name='11', address='1', mark='1', logictodelete=1, createtime=Wed Jun 19 11:08:17 CST 2019}, Company{id=12, name='12', address='2', mark='1', logictodelete=1, createtime=Wed Jun 19 11:08:17 CST 2019}, Company{id=13, name='13', address='3', mark='1', logictodelete=1, createtime=Wed Jun 19 11:08:17 CST 2019}, Company{id=14, name='14', address='4', mark='1', logictodelete=1, createtime=Wed Jun 19 11:08:17 CST 2019}, Company{id=15, name='15', address='5', mark='1', logictodelete=1, createtime=Wed Jun 19 11:08:17 CST 2019}, Company{id=16, name='16', address='6', mark='1', logictodelete=1, createtime=Wed Jun 19 11:08:17 CST 2019}, Company{id=17, name='17', address='7', mark='1', logictodelete=1, createtime=Wed Jun 19 11:08:17 CST 2019}, Company{id=18, name='18', address='8', mark='1', logictodelete=1, createtime=Wed Jun 19 11:08:17 CST 2019}, Company{id=19, name='19', address='9', mark='1', logictodelete=1, createtime=Wed Jun 19 11:08:17 CST 2019}], prePage=0, nextPage=2, isFirstPage=true, isLastPage=false, hasPreviousPage=false, hasNextPage=true, navigatePages=8, navigateFirstPage=1, navigateLastPage=2, navigatepageNums=[1, 2]}}] as "application/json" using [org.springframework.http.converter.json.MappingJackson2HttpMessageConverter@6c9f8b46]
3830112 DEBUG [2019-06-30 09:27:07]  Null ModelAndView returned to DispatcherServlet with name 'dispatcherServlet': assuming HandlerAdapter completed request handling
3830112 DEBUG [2019-06-30 09:27:07]  Successfully completed request
3830112 DEBUG [2019-06-30 09:27:07]  Cleared thread-bound request context: org.apache.catalina.connector.RequestFacade@517620cd
3833276 DEBUG [2019-06-30 09:27:10]  Bound request context to thread: org.apache.catalina.connector.RequestFacade@517620cd
3833276 DEBUG [2019-06-30 09:27:10]  DispatcherServlet with name 'dispatcherServlet' processing POST request for [/organization/company/likeSearch]
3833277 DEBUG [2019-06-30 09:27:10]  Looking up handler method for path /organization/company/likeSearch
3833277 DEBUG [2019-06-30 09:27:10]  Returning handler method [public java.util.Map<java.lang.String, java.lang.Object> com.ehr.controller.organization.company.CompanyController.likeSearch(java.lang.String,java.lang.String,java.lang.Integer,java.lang.Integer)]
3833277 DEBUG [2019-06-30 09:27:10]  Returning cached instance of singleton bean 'companyController'
3833277 DEBUG [2019-06-30 09:27:10]  Skip CORS processing: request is from same origin
3833280 DEBUG [2019-06-30 09:27:10]  Fetching JDBC Connection from DataSource
3833283 DEBUG [2019-06-30 09:27:10]  Fetching JDBC Connection from DataSource
3833287 DEBUG [2019-06-30 09:27:10]  Written [{code=0, data=PageInfo{pageNum=1, pageSize=10, size=2, startRow=1, endRow=2, total=2, pages=1, list=Page{count=true, pageNum=1, pageSize=10, startRow=0, endRow=10, total=2, pages=1, reasonable=false, pageSizeZero=false}[Company{id=10, name='10暗', address='321', mark='3', logictodelete=1, createtime=Wed Jun 19 11:08:17 CST 2019}, Company{id=12, name='12', address='2', mark='1', logictodelete=1, createtime=Wed Jun 19 11:08:17 CST 2019}], prePage=0, nextPage=0, isFirstPage=true, isLastPage=true, hasPreviousPage=false, hasNextPage=false, navigatePages=8, navigateFirstPage=1, navigateLastPage=1, navigatepageNums=[1]}, count=PageInfo{pageNum=1, pageSize=10, size=2, startRow=1, endRow=2, total=2, pages=1, list=Page{count=true, pageNum=1, pageSize=10, startRow=0, endRow=10, total=2, pages=1, reasonable=false, pageSizeZero=false}[Company{id=10, name='10暗', address='321', mark='3', logictodelete=1, createtime=Wed Jun 19 11:08:17 CST 2019}, Company{id=12, name='12', address='2', mark='1', logictodelete=1, createtime=Wed Jun 19 11:08:17 CST 2019}], prePage=0, nextPage=0, isFirstPage=true, isLastPage=true, hasPreviousPage=false, hasNextPage=false, navigatePages=8, navigateFirstPage=1, navigateLastPage=1, navigatepageNums=[1]}}] as "application/json" using [org.springframework.http.converter.json.MappingJackson2HttpMessageConverter@6c9f8b46]
3833287 DEBUG [2019-06-30 09:27:10]  Null ModelAndView returned to DispatcherServlet with name 'dispatcherServlet': assuming HandlerAdapter completed request handling
3833287 DEBUG [2019-06-30 09:27:10]  Successfully completed request
3833287 DEBUG [2019-06-30 09:27:10]  Cleared thread-bound request context: org.apache.catalina.connector.RequestFacade@517620cd
3835046 DEBUG [2019-06-30 09:27:12]  Bound request context to thread: org.apache.catalina.connector.RequestFacade@517620cd
3835047 DEBUG [2019-06-30 09:27:12]  DispatcherServlet with name 'dispatcherServlet' processing POST request for [/organization/company/likeSearch]
3835047 DEBUG [2019-06-30 09:27:12]  Looking up handler method for path /organization/company/likeSearch
3835047 DEBUG [2019-06-30 09:27:12]  Returning handler method [public java.util.Map<java.lang.String, java.lang.Object> com.ehr.controller.organization.company.CompanyController.likeSearch(java.lang.String,java.lang.String,java.lang.Integer,java.lang.Integer)]
3835047 DEBUG [2019-06-30 09:27:12]  Returning cached instance of singleton bean 'companyController'
3835048 DEBUG [2019-06-30 09:27:12]  Skip CORS processing: request is from same origin
3835051 DEBUG [2019-06-30 09:27:12]  Fetching JDBC Connection from DataSource
3835055 DEBUG [2019-06-30 09:27:12]  Fetching JDBC Connection from DataSource
3835060 DEBUG [2019-06-30 09:27:12]  Written [{code=0, data=PageInfo{pageNum=1, pageSize=10, size=10, startRow=1, endRow=10, total=10, pages=1, list=Page{count=true, pageNum=1, pageSize=10, startRow=0, endRow=10, total=10, pages=1, reasonable=false, pageSizeZero=false}[Company{id=1, name='一', address='312321', mark='zzzz', logictodelete=null, createtime=null}, Company{id=2, name='二', address='21312', mark='null', logictodelete=1, createtime=null}, Company{id=3, name='三', address='213', mark='1', logictodelete=1, createtime=Wed Jun 19 11:08:17 CST 2019}, Company{id=5, name='五', address='42', mark='1', logictodelete=1, createtime=Wed Jun 19 11:08:17 CST 2019}, Company{id=6, name='6', address='12312', mark='1', logictodelete=1, createtime=Wed Jun 19 11:08:17 CST 2019}, Company{id=7, name='7暗', address='23213', mark='1', logictodelete=1, createtime=Wed Jun 19 11:08:17 CST 2019}, Company{id=8, name='暗', address='2', mark='1', logictodelete=1, createtime=Wed Jun 19 11:08:17 CST 2019}, Company{id=10, name='10暗', address='321', mark='3', logictodelete=1, createtime=Wed Jun 19 11:08:17 CST 2019}, Company{id=12, name='12', address='2', mark='1', logictodelete=1, createtime=Wed Jun 19 11:08:17 CST 2019}, Company{id=3356, name='宇宙无敌小霸王', address='32', mark='777', logictodelete=1, createtime=Wed Jun 19 11:08:17 CST 2019}], prePage=0, nextPage=0, isFirstPage=true, isLastPage=true, hasPreviousPage=false, hasNextPage=false, navigatePages=8, navigateFirstPage=1, navigateLastPage=1, navigatepageNums=[1]}, count=PageInfo{pageNum=1, pageSize=10, size=10, startRow=1, endRow=10, total=10, pages=1, list=Page{count=true, pageNum=1, pageSize=10, startRow=0, endRow=10, total=10, pages=1, reasonable=false, pageSizeZero=false}[Company{id=1, name='一', address='312321', mark='zzzz', logictodelete=null, createtime=null}, Company{id=2, name='二', address='21312', mark='null', logictodelete=1, createtime=null}, Company{id=3, name='三', address='213', mark='1', logictodelete=1, createtime=Wed Jun 19 11:08:17 CST 2019}, Company{id=5, name='五', address='42', mark='1', logictodelete=1, createtime=Wed Jun 19 11:08:17 CST 2019}, Company{id=6, name='6', address='12312', mark='1', logictodelete=1, createtime=Wed Jun 19 11:08:17 CST 2019}, Company{id=7, name='7暗', address='23213', mark='1', logictodelete=1, createtime=Wed Jun 19 11:08:17 CST 2019}, Company{id=8, name='暗', address='2', mark='1', logictodelete=1, createtime=Wed Jun 19 11:08:17 CST 2019}, Company{id=10, name='10暗', address='321', mark='3', logictodelete=1, createtime=Wed Jun 19 11:08:17 CST 2019}, Company{id=12, name='12', address='2', mark='1', logictodelete=1, createtime=Wed Jun 19 11:08:17 CST 2019}, Company{id=3356, name='宇宙无敌小霸王', address='32', mark='777', logictodelete=1, createtime=Wed Jun 19 11:08:17 CST 2019}], prePage=0, nextPage=0, isFirstPage=true, isLastPage=true, hasPreviousPage=false, hasNextPage=false, navigatePages=8, navigateFirstPage=1, navigateLastPage=1, navigatepageNums=[1]}}] as "application/json" using [org.springframework.http.converter.json.MappingJackson2HttpMessageConverter@6c9f8b46]
3835061 DEBUG [2019-06-30 09:27:12]  Null ModelAndView returned to DispatcherServlet with name 'dispatcherServlet': assuming HandlerAdapter completed request handling
3835061 DEBUG [2019-06-30 09:27:12]  Successfully completed request
3835061 DEBUG [2019-06-30 09:27:12]  Cleared thread-bound request context: org.apache.catalina.connector.RequestFacade@517620cd
